c:\users\y77jiang\onedrive - university of waterloo\5e. tcm-inception c++\jpeg_tcm\jpeg\x64\debug\vc141.pdb
c:\users\y77jiang\onedrive - university of waterloo\5e. tcm-inception c++\jpeg_tcm\jpeg\x64\debug\vc141.idb
c:\users\y77jiang\onedrive - university of waterloo\5e. tcm-inception c++\jpeg_tcm\jpeg\x64\debug\jpegencoder.obj
c:\users\y77jiang\onedrive - university of waterloo\5e. tcm-inception c++\jpeg_tcm\jpeg\x64\debug\jpegdecoder.obj
c:\users\y77jiang\onedrive - university of waterloo\5e. tcm-inception c++\jpeg_tcm\jpeg\x64\debug\exportpicture.obj
c:\users\y77jiang\onedrive - university of waterloo\5e. tcm-inception c++\jpeg_tcm\jpeg\x64\debug\jpeg.obj
c:\users\y77jiang\onedrive - university of waterloo\5e. tcm-inception c++\jpeg_tcm\jpeg\x64\debug\jpeg.pch
c:\users\y77jiang\onedrive - university of waterloo\5e. tcm-inception c++\jpeg_tcm\jpeg\x64\debug\stdafx.obj
c:\users\y77jiang\onedrive - university of waterloo\5e. tcm-inception c++\jpeg_tcm\jpeg\x64\debug\tcm_1.obj
c:\users\y77jiang\onedrive - university of waterloo\5e. tcm-inception c++\jpeg_tcm\jpeg\x64\debug\quantizationtable.obj
c:\users\y77jiang\onedrive - university of waterloo\5e. tcm-inception c++\jpeg_tcm\jpeg\x64\debug\jpegimage.obj
c:\users\y77jiang\onedrive - university of waterloo\5e. tcm-inception c++\jpeg_tcm\jpeg\x64\debug\huffmantable.obj
c:\users\y77jiang\onedrive - university of waterloo\5e. tcm-inception c++\jpeg_tcm\jpeg\x64\debug\huffmanelementscount.obj
c:\users\y77jiang\onedrive - university of waterloo\5e. tcm-inception c++\jpeg_tcm\jpeg\x64\debug\component.obj
c:\users\y77jiang\onedrive - university of waterloo\5e. tcm-inception c++\jpeg_tcm\x64\debug\jpeg.exe
c:\users\y77jiang\onedrive - university of waterloo\5e. tcm-inception c++\jpeg_tcm\x64\debug\jpeg.ilk
c:\users\y77jiang\onedrive - university of waterloo\5e. tcm-inception c++\jpeg_tcm\x64\debug\jpeg.pdb
c:\users\y77jiang\onedrive - university of waterloo\5e. tcm-inception c++\jpeg_tcm\jpeg\x64\debug\tcm.obj
c:\users\y77jiang\onedrive - university of waterloo\5e. tcm-inception c++\jpeg_tcm\jpeg\x64\debug\jpeg.new.obj.enc
c:\users\y77jiang\onedrive - university of waterloo\5e. tcm-inception c++\jpeg_tcm\jpeg\x64\debug\jpegdecoder.new.obj.enc
c:\users\y77jiang\onedrive - university of waterloo\5e. tcm-inception c++\jpeg_tcm\jpeg\x64\debug\jpegencoder.obj.enc
c:\users\y77jiang\onedrive - university of waterloo\5e. tcm-inception c++\jpeg_tcm\jpeg\x64\debug\jpeg.tlog\cl.command.1.tlog
c:\users\y77jiang\onedrive - university of waterloo\5e. tcm-inception c++\jpeg_tcm\jpeg\x64\debug\jpeg.tlog\cl.read.1.tlog
c:\users\y77jiang\onedrive - university of waterloo\5e. tcm-inception c++\jpeg_tcm\jpeg\x64\debug\jpeg.tlog\cl.write.1.tlog
c:\users\y77jiang\onedrive - university of waterloo\5e. tcm-inception c++\jpeg_tcm\jpeg\x64\debug\jpeg.tlog\link.command.1.tlog
c:\users\y77jiang\onedrive - university of waterloo\5e. tcm-inception c++\jpeg_tcm\jpeg\x64\debug\jpeg.tlog\link.read.1.tlog
c:\users\y77jiang\onedrive - university of waterloo\5e. tcm-inception c++\jpeg_tcm\jpeg\x64\debug\jpeg.tlog\link.write.1.tlog
