  stdafx.cpp
  JPEG.cpp
  component.cpp
  exportpicture.cpp
  huffmanelementscount.cpp
  huffmantable.cpp
  jpegdecoder.cpp
c:\users\y77jiang\onedrive - university of waterloo\5e. tcm-inception c++\jpeg_tcm\jpeg\jpegdecoder.cpp(638): warning C4244: '=': conversion from 'double' to 'int', possible loss of data
c:\users\y77jiang\onedrive - university of waterloo\5e. tcm-inception c++\jpeg_tcm\jpeg\jpegdecoder.cpp(639): warning C4244: '=': conversion from 'double' to 'int', possible loss of data
c:\users\y77jiang\onedrive - university of waterloo\5e. tcm-inception c++\jpeg_tcm\jpeg\jpegdecoder.cpp(643): warning C4244: '=': conversion from 'double' to 'int', possible loss of data
c:\users\y77jiang\onedrive - university of waterloo\5e. tcm-inception c++\jpeg_tcm\jpeg\jpegdecoder.cpp(656): warning C4102: 'std': unreferenced label
c:\users\y77jiang\onedrive - university of waterloo\5e. tcm-inception c++\jpeg_tcm\jpeg\jpegdecoder.cpp(712): warning C4267: '=': conversion from 'size_t' to 'uint_8', possible loss of data
c:\users\y77jiang\onedrive - university of waterloo\5e. tcm-inception c++\jpeg_tcm\jpeg\jpegdecoder.cpp(849): warning C4244: '=': conversion from 'double' to 'int', possible loss of data
c:\users\y77jiang\onedrive - university of waterloo\5e. tcm-inception c++\jpeg_tcm\jpeg\jpegdecoder.cpp(1702): warning C4018: '>=': signed/unsigned mismatch
c:\users\y77jiang\onedrive - university of waterloo\5e. tcm-inception c++\jpeg_tcm\jpeg\jpegdecoder.cpp(1703): warning C4018: '>=': signed/unsigned mismatch
c:\users\y77jiang\onedrive - university of waterloo\5e. tcm-inception c++\jpeg_tcm\jpeg\jpegdecoder.cpp(1713): warning C4018: '>=': signed/unsigned mismatch
c:\users\y77jiang\onedrive - university of waterloo\5e. tcm-inception c++\jpeg_tcm\jpeg\jpegdecoder.cpp(1789): warning C4018: '>=': signed/unsigned mismatch
c:\users\y77jiang\onedrive - university of waterloo\5e. tcm-inception c++\jpeg_tcm\jpeg\jpegdecoder.cpp(1795): warning C4018: '>=': signed/unsigned mismatch
c:\users\y77jiang\onedrive - university of waterloo\5e. tcm-inception c++\jpeg_tcm\jpeg\jpegdecoder.cpp(1818): warning C4244: 'initializing': conversion from 'double' to 'int', possible loss of data
c:\users\y77jiang\onedrive - university of waterloo\5e. tcm-inception c++\jpeg_tcm\jpeg\jpegdecoder.cpp(1819): warning C4244: 'initializing': conversion from 'double' to 'int', possible loss of data
c:\users\y77jiang\onedrive - university of waterloo\5e. tcm-inception c++\jpeg_tcm\jpeg\jpegdecoder.cpp(1852): warning C4018: '>=': signed/unsigned mismatch
c:\users\y77jiang\onedrive - university of waterloo\5e. tcm-inception c++\jpeg_tcm\jpeg\jpegdecoder.cpp(1853): warning C4018: '>=': signed/unsigned mismatch
c:\users\y77jiang\onedrive - university of waterloo\5e. tcm-inception c++\jpeg_tcm\jpeg\jpegdecoder.cpp(1861): warning C4018: '>=': signed/unsigned mismatch
c:\users\y77jiang\onedrive - university of waterloo\5e. tcm-inception c++\jpeg_tcm\jpeg\jpegdecoder.cpp(1968): warning C4018: '>=': signed/unsigned mismatch
c:\users\y77jiang\onedrive - university of waterloo\5e. tcm-inception c++\jpeg_tcm\jpeg\jpegdecoder.cpp(1974): warning C4018: '>=': signed/unsigned mismatch
c:\users\y77jiang\onedrive - university of waterloo\5e. tcm-inception c++\jpeg_tcm\jpeg\jpegdecoder.cpp(2286): warning C4244: 'initializing': conversion from 'double' to 'int', possible loss of data
c:\users\y77jiang\onedrive - university of waterloo\5e. tcm-inception c++\jpeg_tcm\jpeg\jpegdecoder.cpp(2287): warning C4244: 'initializing': conversion from 'double' to 'int', possible loss of data
c:\users\y77jiang\onedrive - university of waterloo\5e. tcm-inception c++\jpeg_tcm\jpeg\jpegdecoder.cpp(2323): warning C4244: 'initializing': conversion from 'double' to 'int', possible loss of data
c:\users\y77jiang\onedrive - university of waterloo\5e. tcm-inception c++\jpeg_tcm\jpeg\jpegdecoder.cpp(2324): warning C4244: 'initializing': conversion from 'double' to 'int', possible loss of data
c:\users\y77jiang\onedrive - university of waterloo\5e. tcm-inception c++\jpeg_tcm\jpeg\jpegdecoder.cpp(2335): warning C4244: '=': conversion from 'double' to 'int', possible loss of data
c:\users\y77jiang\onedrive - university of waterloo\5e. tcm-inception c++\jpeg_tcm\jpeg\jpegdecoder.cpp(2336): warning C4244: '=': conversion from 'double' to 'int', possible loss of data
c:\users\y77jiang\onedrive - university of waterloo\5e. tcm-inception c++\jpeg_tcm\jpeg\jpegdecoder.cpp(2344): warning C4244: '=': conversion from 'double' to 'int', possible loss of data
c:\users\y77jiang\onedrive - university of waterloo\5e. tcm-inception c++\jpeg_tcm\jpeg\jpegdecoder.cpp(2345): warning C4244: '=': conversion from 'double' to 'int', possible loss of data
  jpegencoder.cpp
c:\users\y77jiang\onedrive - university of waterloo\5e. tcm-inception c++\jpeg_tcm\jpeg\operation.h(25): warning C4244: 'return': conversion from 'double' to 'float', possible loss of data
c:\users\y77jiang\onedrive - university of waterloo\5e. tcm-inception c++\jpeg_tcm\jpeg\operation.h(66): warning C4244: '=': conversion from 'double' to 'int', possible loss of data
c:\users\y77jiang\onedrive - university of waterloo\5e. tcm-inception c++\jpeg_tcm\jpeg\operation.h(72): warning C4244: '=': conversion from 'double' to 'int', possible loss of data
c:\users\y77jiang\onedrive - university of waterloo\5e. tcm-inception c++\jpeg_tcm\jpeg\operation.h(141): warning C4244: 'initializing': conversion from 'double' to 'int', possible loss of data
c:\users\y77jiang\onedrive - university of waterloo\5e. tcm-inception c++\jpeg_tcm\jpeg\operation.h(146): warning C4554: '|': check operator precedence for possible error; use parentheses to clarify precedence
c:\users\y77jiang\onedrive - university of waterloo\5e. tcm-inception c++\jpeg_tcm\jpeg\operation.h(162): warning C4554: '|': check operator precedence for possible error; use parentheses to clarify precedence
c:\users\y77jiang\onedrive - university of waterloo\5e. tcm-inception c++\jpeg_tcm\jpeg\operation.h(222): warning C4244: 'initializing': conversion from 'double' to 'int', possible loss of data
c:\users\y77jiang\onedrive - university of waterloo\5e. tcm-inception c++\jpeg_tcm\jpeg\operation.h(233): warning C4244: 'initializing': conversion from 'double' to 'int', possible loss of data
c:\users\y77jiang\onedrive - university of waterloo\5e. tcm-inception c++\jpeg_tcm\jpeg\operation.h(243): warning C4244: 'initializing': conversion from 'double' to 'int', possible loss of data
c:\users\y77jiang\onedrive - university of waterloo\5e. tcm-inception c++\jpeg_tcm\jpeg\operation.h(253): warning C4244: 'initializing': conversion from 'double' to 'int', possible loss of data
c:\users\y77jiang\onedrive - university of waterloo\5e. tcm-inception c++\jpeg_tcm\jpeg\operation.h(263): warning C4244: 'initializing': conversion from 'double' to 'int', possible loss of data
c:\users\y77jiang\onedrive - university of waterloo\5e. tcm-inception c++\jpeg_tcm\jpeg\operation.h(273): warning C4244: 'initializing': conversion from 'double' to 'int', possible loss of data
c:\users\y77jiang\onedrive - university of waterloo\5e. tcm-inception c++\jpeg_tcm\jpeg\operation.h(283): warning C4244: 'initializing': conversion from 'double' to 'int', possible loss of data
c:\users\y77jiang\onedrive - university of waterloo\5e. tcm-inception c++\jpeg_tcm\jpeg\operation.h(293): warning C4244: 'initializing': conversion from 'double' to 'int', possible loss of data
c:\users\y77jiang\onedrive - university of waterloo\5e. tcm-inception c++\jpeg_tcm\jpeg\jpegencoder.cpp(57): warning C4244: '=': conversion from 'double' to 'int', possible loss of data
c:\users\y77jiang\onedrive - university of waterloo\5e. tcm-inception c++\jpeg_tcm\jpeg\jpegencoder.cpp(153): warning C4244: 'initializing': conversion from 'double' to 'int', possible loss of data
c:\users\y77jiang\onedrive - university of waterloo\5e. tcm-inception c++\jpeg_tcm\jpeg\jpegencoder.cpp(154): warning C4244: 'initializing': conversion from 'double' to 'int', possible loss of data
c:\users\y77jiang\onedrive - university of waterloo\5e. tcm-inception c++\jpeg_tcm\jpeg\jpegencoder.cpp(166): warning C4018: '<': signed/unsigned mismatch
c:\users\y77jiang\onedrive - university of waterloo\5e. tcm-inception c++\jpeg_tcm\jpeg\jpegencoder.cpp(167): warning C4018: '<': signed/unsigned mismatch
c:\users\y77jiang\onedrive - university of waterloo\5e. tcm-inception c++\jpeg_tcm\jpeg\jpegencoder.cpp(186): warning C4018: '>=': signed/unsigned mismatch
c:\users\y77jiang\onedrive - university of waterloo\5e. tcm-inception c++\jpeg_tcm\jpeg\jpegencoder.cpp(193): warning C4018: '>=': signed/unsigned mismatch
c:\users\y77jiang\onedrive - university of waterloo\5e. tcm-inception c++\jpeg_tcm\jpeg\jpegencoder.cpp(410): warning C4244: 'initializing': conversion from 'double' to 'int', possible loss of data
c:\users\y77jiang\onedrive - university of waterloo\5e. tcm-inception c++\jpeg_tcm\jpeg\jpegencoder.cpp(411): warning C4244: 'initializing': conversion from 'double' to 'int', possible loss of data
c:\users\y77jiang\onedrive - university of waterloo\5e. tcm-inception c++\jpeg_tcm\jpeg\jpegencoder.cpp(428): warning C4018: '<': signed/unsigned mismatch
c:\users\y77jiang\onedrive - university of waterloo\5e. tcm-inception c++\jpeg_tcm\jpeg\jpegencoder.cpp(429): warning C4018: '<': signed/unsigned mismatch
c:\users\y77jiang\onedrive - university of waterloo\5e. tcm-inception c++\jpeg_tcm\jpeg\jpegencoder.cpp(438): warning C4018: '>=': signed/unsigned mismatch
c:\users\y77jiang\onedrive - university of waterloo\5e. tcm-inception c++\jpeg_tcm\jpeg\jpegencoder.cpp(445): warning C4018: '>=': signed/unsigned mismatch
c:\users\y77jiang\onedrive - university of waterloo\5e. tcm-inception c++\jpeg_tcm\jpeg\jpegencoder.cpp(611): warning C4244: 'return': conversion from 'double' to 'float', possible loss of data
c:\users\y77jiang\onedrive - university of waterloo\5e. tcm-inception c++\jpeg_tcm\jpeg\jpegencoder.cpp(762): warning C4244: 'argument': conversion from 'double' to 'const char', possible loss of data
c:\users\y77jiang\onedrive - university of waterloo\5e. tcm-inception c++\jpeg_tcm\jpeg\jpegencoder.cpp(766): warning C4244: 'argument': conversion from 'double' to 'const char', possible loss of data
c:\users\y77jiang\onedrive - university of waterloo\5e. tcm-inception c++\jpeg_tcm\jpeg\jpegencoder.cpp(770): warning C4244: 'argument': conversion from 'double' to 'const char', possible loss of data
c:\users\y77jiang\onedrive - university of waterloo\5e. tcm-inception c++\jpeg_tcm\jpeg\jpegencoder.cpp(780): warning C4244: 'argument': conversion from 'double' to 'const char', possible loss of data
c:\users\y77jiang\onedrive - university of waterloo\5e. tcm-inception c++\jpeg_tcm\jpeg\jpegencoder.cpp(784): warning C4244: 'argument': conversion from 'double' to 'const char', possible loss of data
c:\users\y77jiang\onedrive - university of waterloo\5e. tcm-inception c++\jpeg_tcm\jpeg\jpegencoder.cpp(1561): warning C4267: 'initializing': conversion from 'size_t' to 'int', possible loss of data
  jpegimage.cpp
  quantizationtable.cpp
  tcm_1.cpp
  Generating Code...
c:\users\y77jiang\onedrive - university of waterloo\5e. tcm-inception c++\jpeg_tcm\jpeg\operation.h(333): warning C4715: 'smoothing': not all control paths return a value
  JPEG.vcxproj -> C:\Users\y77jiang\OneDrive - University of Waterloo\5e. TCM-Inception C++\jpeg_tcm\x64\Debug\JPEG.exe
