  JPEG.cpp
  jpegencoder.cpp
c:\users\y77jiang\onedrive - university of waterloo\5e. tcm-inception c++\jpeg\jpeg\operation.h(21): warning C4244: 'return': conversion from 'double' to 'float', possible loss of data
c:\users\y77jiang\onedrive - university of waterloo\5e. tcm-inception c++\jpeg\jpeg\operation.h(62): warning C4244: '=': conversion from 'double' to 'int', possible loss of data
c:\users\y77jiang\onedrive - university of waterloo\5e. tcm-inception c++\jpeg\jpeg\operation.h(68): warning C4244: '=': conversion from 'double' to 'int', possible loss of data
c:\users\y77jiang\onedrive - university of waterloo\5e. tcm-inception c++\jpeg\jpeg\operation.h(137): warning C4244: 'initializing': conversion from 'double' to 'int', possible loss of data
c:\users\y77jiang\onedrive - university of waterloo\5e. tcm-inception c++\jpeg\jpeg\operation.h(142): warning C4554: '|': check operator precedence for possible error; use parentheses to clarify precedence
c:\users\y77jiang\onedrive - university of waterloo\5e. tcm-inception c++\jpeg\jpeg\operation.h(158): warning C4554: '|': check operator precedence for possible error; use parentheses to clarify precedence
c:\users\y77jiang\onedrive - university of waterloo\5e. tcm-inception c++\jpeg\jpeg\operation.h(218): warning C4244: 'initializing': conversion from 'double' to 'int', possible loss of data
c:\users\y77jiang\onedrive - university of waterloo\5e. tcm-inception c++\jpeg\jpeg\operation.h(229): warning C4244: 'initializing': conversion from 'double' to 'int', possible loss of data
c:\users\y77jiang\onedrive - university of waterloo\5e. tcm-inception c++\jpeg\jpeg\operation.h(239): warning C4244: 'initializing': conversion from 'double' to 'int', possible loss of data
c:\users\y77jiang\onedrive - university of waterloo\5e. tcm-inception c++\jpeg\jpeg\operation.h(249): warning C4244: 'initializing': conversion from 'double' to 'int', possible loss of data
c:\users\y77jiang\onedrive - university of waterloo\5e. tcm-inception c++\jpeg\jpeg\operation.h(259): warning C4244: 'initializing': conversion from 'double' to 'int', possible loss of data
c:\users\y77jiang\onedrive - university of waterloo\5e. tcm-inception c++\jpeg\jpeg\operation.h(269): warning C4244: 'initializing': conversion from 'double' to 'int', possible loss of data
c:\users\y77jiang\onedrive - university of waterloo\5e. tcm-inception c++\jpeg\jpeg\operation.h(279): warning C4244: 'initializing': conversion from 'double' to 'int', possible loss of data
c:\users\y77jiang\onedrive - university of waterloo\5e. tcm-inception c++\jpeg\jpeg\operation.h(289): warning C4244: 'initializing': conversion from 'double' to 'int', possible loss of data
c:\users\y77jiang\onedrive - university of waterloo\5e. tcm-inception c++\jpeg\jpeg\jpegencoder.cpp(56): warning C4244: '=': conversion from 'double' to 'int', possible loss of data
c:\users\y77jiang\onedrive - university of waterloo\5e. tcm-inception c++\jpeg\jpeg\jpegencoder.cpp(152): warning C4244: 'initializing': conversion from 'double' to 'int', possible loss of data
c:\users\y77jiang\onedrive - university of waterloo\5e. tcm-inception c++\jpeg\jpeg\jpegencoder.cpp(153): warning C4244: 'initializing': conversion from 'double' to 'int', possible loss of data
c:\users\y77jiang\onedrive - university of waterloo\5e. tcm-inception c++\jpeg\jpeg\jpegencoder.cpp(165): warning C4018: '<': signed/unsigned mismatch
c:\users\y77jiang\onedrive - university of waterloo\5e. tcm-inception c++\jpeg\jpeg\jpegencoder.cpp(166): warning C4018: '<': signed/unsigned mismatch
c:\users\y77jiang\onedrive - university of waterloo\5e. tcm-inception c++\jpeg\jpeg\jpegencoder.cpp(185): warning C4018: '>=': signed/unsigned mismatch
c:\users\y77jiang\onedrive - university of waterloo\5e. tcm-inception c++\jpeg\jpeg\jpegencoder.cpp(192): warning C4018: '>=': signed/unsigned mismatch
c:\users\y77jiang\onedrive - university of waterloo\5e. tcm-inception c++\jpeg\jpeg\jpegencoder.cpp(409): warning C4244: 'initializing': conversion from 'double' to 'int', possible loss of data
c:\users\y77jiang\onedrive - university of waterloo\5e. tcm-inception c++\jpeg\jpeg\jpegencoder.cpp(410): warning C4244: 'initializing': conversion from 'double' to 'int', possible loss of data
c:\users\y77jiang\onedrive - university of waterloo\5e. tcm-inception c++\jpeg\jpeg\jpegencoder.cpp(427): warning C4018: '<': signed/unsigned mismatch
c:\users\y77jiang\onedrive - university of waterloo\5e. tcm-inception c++\jpeg\jpeg\jpegencoder.cpp(428): warning C4018: '<': signed/unsigned mismatch
c:\users\y77jiang\onedrive - university of waterloo\5e. tcm-inception c++\jpeg\jpeg\jpegencoder.cpp(437): warning C4018: '>=': signed/unsigned mismatch
c:\users\y77jiang\onedrive - university of waterloo\5e. tcm-inception c++\jpeg\jpeg\jpegencoder.cpp(444): warning C4018: '>=': signed/unsigned mismatch
c:\users\y77jiang\onedrive - university of waterloo\5e. tcm-inception c++\jpeg\jpeg\jpegencoder.cpp(610): warning C4244: 'return': conversion from 'double' to 'float', possible loss of data
c:\users\y77jiang\onedrive - university of waterloo\5e. tcm-inception c++\jpeg\jpeg\jpegencoder.cpp(761): warning C4244: 'argument': conversion from 'double' to 'const char', possible loss of data
c:\users\y77jiang\onedrive - university of waterloo\5e. tcm-inception c++\jpeg\jpeg\jpegencoder.cpp(765): warning C4244: 'argument': conversion from 'double' to 'const char', possible loss of data
c:\users\y77jiang\onedrive - university of waterloo\5e. tcm-inception c++\jpeg\jpeg\jpegencoder.cpp(769): warning C4244: 'argument': conversion from 'double' to 'const char', possible loss of data
c:\users\y77jiang\onedrive - university of waterloo\5e. tcm-inception c++\jpeg\jpeg\jpegencoder.cpp(779): warning C4244: 'argument': conversion from 'double' to 'const char', possible loss of data
c:\users\y77jiang\onedrive - university of waterloo\5e. tcm-inception c++\jpeg\jpeg\jpegencoder.cpp(783): warning C4244: 'argument': conversion from 'double' to 'const char', possible loss of data
c:\users\y77jiang\onedrive - university of waterloo\5e. tcm-inception c++\jpeg\jpeg\jpegencoder.cpp(1560): warning C4267: 'initializing': conversion from 'size_t' to 'int', possible loss of data
  Generating code
  1 of 1109 functions (<0.1%) were compiled, the rest were copied from previous compilation.
    0 functions were new in current compilation
    0 functions had inline decision re-evaluated but remain unchanged
  Finished generating code
  JPEG.vcxproj -> C:\Users\y77jiang\OneDrive - University of Waterloo\5e. TCM-Inception C++\JPEG\x64\Release\JPEG.exe
