c:\users\y77jiang\onedrive - university of waterloo\5e. tcm-inception c++\jpeg\jpeg\x64\release\jpeg.pch
c:\users\y77jiang\onedrive - university of waterloo\5e. tcm-inception c++\jpeg\jpeg\x64\release\vc141.pdb
c:\users\y77jiang\onedrive - university of waterloo\5e. tcm-inception c++\jpeg\jpeg\x64\release\stdafx.obj
c:\users\y77jiang\onedrive - university of waterloo\5e. tcm-inception c++\jpeg\jpeg\x64\release\tcm.obj
c:\users\y77jiang\onedrive - university of waterloo\5e. tcm-inception c++\jpeg\jpeg\x64\release\quantizationtable.obj
c:\users\y77jiang\onedrive - university of waterloo\5e. tcm-inception c++\jpeg\jpeg\x64\release\jpegimage.obj
c:\users\y77jiang\onedrive - university of waterloo\5e. tcm-inception c++\jpeg\jpeg\x64\release\jpegencoder.obj
c:\users\y77jiang\onedrive - university of waterloo\5e. tcm-inception c++\jpeg\jpeg\x64\release\jpegdecoder.obj
c:\users\y77jiang\onedrive - university of waterloo\5e. tcm-inception c++\jpeg\jpeg\x64\release\jpeg.obj
c:\users\y77jiang\onedrive - university of waterloo\5e. tcm-inception c++\jpeg\jpeg\x64\release\huffmantable.obj
c:\users\y77jiang\onedrive - university of waterloo\5e. tcm-inception c++\jpeg\jpeg\x64\release\huffmanelementscount.obj
c:\users\y77jiang\onedrive - university of waterloo\5e. tcm-inception c++\jpeg\jpeg\x64\release\exportpicture.obj
c:\users\y77jiang\onedrive - university of waterloo\5e. tcm-inception c++\jpeg\jpeg\x64\release\component.obj
c:\users\y77jiang\onedrive - university of waterloo\5e. tcm-inception c++\jpeg\jpeg\x64\release\tcm_1.obj
c:\users\y77jiang\onedrive - university of waterloo\5e. tcm-inception c++\jpeg\x64\release\jpeg.ipdb
c:\users\y77jiang\onedrive - university of waterloo\5e. tcm-inception c++\jpeg\x64\release\jpeg.iobj
c:\users\y77jiang\onedrive - university of waterloo\5e. tcm-inception c++\jpeg\x64\release\jpeg.exe
c:\users\y77jiang\onedrive - university of waterloo\5e. tcm-inception c++\jpeg\x64\release\jpeg.pdb
c:\users\y77jiang\onedrive - university of waterloo\5e. tcm-inception c++\jpeg\jpeg\x64\release\jpeg.tlog\cl.command.1.tlog
c:\users\y77jiang\onedrive - university of waterloo\5e. tcm-inception c++\jpeg\jpeg\x64\release\jpeg.tlog\cl.read.1.tlog
c:\users\y77jiang\onedrive - university of waterloo\5e. tcm-inception c++\jpeg\jpeg\x64\release\jpeg.tlog\cl.write.1.tlog
c:\users\y77jiang\onedrive - university of waterloo\5e. tcm-inception c++\jpeg\jpeg\x64\release\jpeg.tlog\jpeg.write.1u.tlog
c:\users\y77jiang\onedrive - university of waterloo\5e. tcm-inception c++\jpeg\jpeg\x64\release\jpeg.tlog\link.command.1.tlog
c:\users\y77jiang\onedrive - university of waterloo\5e. tcm-inception c++\jpeg\jpeg\x64\release\jpeg.tlog\link.read.1.tlog
c:\users\y77jiang\onedrive - university of waterloo\5e. tcm-inception c++\jpeg\jpeg\x64\release\jpeg.tlog\link.write.1.tlog
